0 info it worked if it ends with ok
1 verbose cli [ '/usr/local/bin/node',
1 verbose cli   '/usr/local/bin/npm',
1 verbose cli   'install',
1 verbose cli   '-g',
1 verbose cli   'ios-deploy',
1 verbose cli   '--unsafe-perm=true' ]
2 info using npm@3.3.6
3 info using node@v5.0.0
4 silly loadCurrentTree Starting
5 silly install loadCurrentTree
6 silly install readGlobalPackageData
7 silly fetchPackageMetaData ios-deploy
8 silly fetchNamedPackageData ios-deploy
9 silly mapToRegistry name ios-deploy
10 silly mapToRegistry using default registry
11 silly mapToRegistry registry https://registry.npmjs.org/
12 silly mapToRegistry uri https://registry.npmjs.org/ios-deploy
13 verbose request uri https://registry.npmjs.org/ios-deploy
14 verbose request no auth needed
15 info attempt registry request try #1 at 10:14:38 AM
16 verbose request id be33cc7dfd30b0c9
17 verbose etag "BEW881I38BM5U9LQ4MJ64XZRQ"
18 http request GET https://registry.npmjs.org/ios-deploy
19 http 304 https://registry.npmjs.org/ios-deploy
20 verbose headers { date: 'Thu, 07 Jan 2016 15:14:39 GMT',
20 verbose headers   via: '1.1 varnish',
20 verbose headers   'cache-control': 'max-age=300',
20 verbose headers   etag: '"BEW881I38BM5U9LQ4MJ64XZRQ"',
20 verbose headers   age: '0',
20 verbose headers   connection: 'keep-alive',
20 verbose headers   'x-served-by': 'cache-atl6227-ATL',
20 verbose headers   'x-cache': 'HIT',
20 verbose headers   'x-cache-hits': '1',
20 verbose headers   'x-timer': 'S1452179679.174878,VS0,VE105',
20 verbose headers   vary: 'Accept' }
21 silly get cb [ 304,
21 silly get   { date: 'Thu, 07 Jan 2016 15:14:39 GMT',
21 silly get     via: '1.1 varnish',
21 silly get     'cache-control': 'max-age=300',
21 silly get     etag: '"BEW881I38BM5U9LQ4MJ64XZRQ"',
21 silly get     age: '0',
21 silly get     connection: 'keep-alive',
21 silly get     'x-served-by': 'cache-atl6227-ATL',
21 silly get     'x-cache': 'HIT',
21 silly get     'x-cache-hits': '1',
21 silly get     'x-timer': 'S1452179679.174878,VS0,VE105',
21 silly get     vary: 'Accept' } ]
22 verbose etag https://registry.npmjs.org/ios-deploy from cache
23 verbose get saving ios-deploy to /Users/cindymarin/.npm/registry.npmjs.org/ios-deploy/.cache.json
24 silly install normalizeTree
25 silly loadCurrentTree Finishing
26 silly loadIdealTree Starting
27 silly install loadIdealTree
28 silly cloneCurrentTree Starting
29 silly install cloneCurrentTreeToIdealTree
30 silly cloneCurrentTree Finishing
31 silly loadShrinkwrap Starting
32 silly install loadShrinkwrap
33 silly loadShrinkwrap Finishing
34 silly loadAllDepsIntoIdealTree Starting
35 silly install loadAllDepsIntoIdealTree
36 silly resolveWithNewModule ios-deploy@1.8.3 checking installable status
37 silly cache add args [ 'ios-deploy', null ]
38 verbose cache add spec ios-deploy
39 silly cache add parsed spec Result {
39 silly cache add   raw: 'ios-deploy',
39 silly cache add   scope: null,
39 silly cache add   name: 'ios-deploy',
39 silly cache add   rawSpec: '',
39 silly cache add   spec: '*',
39 silly cache add   type: 'range' }
40 silly addNamed ios-deploy@*
41 verbose addNamed "*" is a valid semver range for ios-deploy
42 silly addNameRange { name: 'ios-deploy', range: '*', hasData: false }
43 silly mapToRegistry name ios-deploy
44 silly mapToRegistry using default registry
45 silly mapToRegistry registry https://registry.npmjs.org/
46 silly mapToRegistry uri https://registry.npmjs.org/ios-deploy
47 verbose addNameRange registry:https://registry.npmjs.org/ios-deploy not in flight; fetching
48 verbose get https://registry.npmjs.org/ios-deploy not expired, no request
49 silly addNameRange number 2 { name: 'ios-deploy', range: '*', hasData: true }
50 silly addNameRange versions [ 'ios-deploy',
50 silly addNameRange   [ '1.0.1',
50 silly addNameRange     '1.0.2',
50 silly addNameRange     '1.0.3',
50 silly addNameRange     '1.0.4',
50 silly addNameRange     '1.0.5',
50 silly addNameRange     '1.0.6',
50 silly addNameRange     '1.0.7',
50 silly addNameRange     '1.0.8',
50 silly addNameRange     '1.0.9',
50 silly addNameRange     '1.1.0',
50 silly addNameRange     '1.2.0',
50 silly addNameRange     '1.3.0',
50 silly addNameRange     '1.3.1',
50 silly addNameRange     '1.3.2',
50 silly addNameRange     '1.4.0',
50 silly addNameRange     '1.5.0',
50 silly addNameRange     '1.6.0',
50 silly addNameRange     '1.6.1',
50 silly addNameRange     '1.6.2',
50 silly addNameRange     '1.6.3',
50 silly addNameRange     '1.7.0',
50 silly addNameRange     '1.8.0',
50 silly addNameRange     '1.8.1',
50 silly addNameRange     '1.8.2',
50 silly addNameRange     '1.8.3' ] ]
51 silly addNamed ios-deploy@1.8.3
52 verbose addNamed "1.8.3" is a plain semver version for ios-deploy
53 silly cache afterAdd ios-deploy@1.8.3
54 verbose afterAdd /Users/cindymarin/.npm/ios-deploy/1.8.3/package/package.json not in flight; writing
55 verbose afterAdd /Users/cindymarin/.npm/ios-deploy/1.8.3/package/package.json written
56 silly loadAllDepsIntoIdealTree Finishing
57 silly idealTree:prePrune /usr/local/lib
57 silly idealTree:prePrune └── ios-deploy@1.8.3
58 silly loadIdealTree Finishing
59 silly currentTree /usr/local/lib
60 silly idealTree /usr/local/lib
60 silly idealTree └── ios-deploy@1.8.3
61 silly generateActionsToTake Starting
62 silly install generateActionsToTake
63 silly generateActionsToTake Finishing
64 silly diffTrees action count 1
65 silly diffTrees add ios-deploy@1.8.3
66 silly decomposeActions action count 8
67 silly decomposeActions fetch ios-deploy@1.8.3
68 silly decomposeActions extract ios-deploy@1.8.3
69 silly decomposeActions preinstall ios-deploy@1.8.3
70 silly decomposeActions build ios-deploy@1.8.3
71 silly decomposeActions install ios-deploy@1.8.3
72 silly decomposeActions postinstall ios-deploy@1.8.3
73 silly decomposeActions test ios-deploy@1.8.3
74 silly decomposeActions finalize ios-deploy@1.8.3
75 silly executeActions Starting
76 silly install executeActions
77 silly doSerial global-install 0
78 silly doParallel fetch 1
79 verbose lock using /Users/cindymarin/.npm/_locks/staging-3a08f0df5026584d.lock for /usr/local/lib/node_modules/.staging
80 silly doParallel extract 1
81 silly extract ios-deploy
82 verbose unbuild lib/node_modules/.staging/ios-deploy-fbfd9f76b9a8909271fae167aab47715
83 silly gentlyRm /usr/local/lib/node_modules/.staging/ios-deploy-fbfd9f76b9a8909271fae167aab47715 is being purged from base /usr/local
84 verbose gentlyRm don't care about contents; nuking /usr/local/lib/node_modules/.staging/ios-deploy-fbfd9f76b9a8909271fae167aab47715
85 verbose tar unpack /Users/cindymarin/.npm/ios-deploy/1.8.3/package.tgz
86 verbose tar unpacking to /usr/local/lib/node_modules/.staging/ios-deploy-fbfd9f76b9a8909271fae167aab47715
87 silly gentlyRm /usr/local/lib/node_modules/.staging/ios-deploy-fbfd9f76b9a8909271fae167aab47715 is being purged
88 verbose gentlyRm don't care about contents; nuking /usr/local/lib/node_modules/.staging/ios-deploy-fbfd9f76b9a8909271fae167aab47715
89 silly gunzTarPerm modes [ '755', '644' ]
90 silly gunzTarPerm extractEntry package.json
91 silly gunzTarPerm extractEntry .npmignore
92 silly gunzTarPerm extractEntry README.md
93 silly gunzTarPerm extractEntry LICENSE
94 silly gunzTarPerm extractEntry CONTRIBUTING.md
95 silly gunzTarPerm extractEntry demo/.npmignore
96 silly gunzTarPerm extractEntry demo/Entitlements.plist
97 silly gunzTarPerm extractEntry demo/Info.plist
98 silly gunzTarPerm extractEntry demo/Makefile
99 silly gunzTarPerm extractEntry demo/ResourceRules.plist
100 silly gunzTarPerm extractEntry demo/demo.c
101 silly gunzTarPerm extractEntry ios-deploy.xcodeproj/project.pbxproj
102 silly gunzTarPerm extractEntry src/check_reqs.js
103 silly gunzTarPerm extractEntry src/MobileDevice.h
104 silly gunzTarPerm extractEntry src/errors.h
105 silly gunzTarPerm extractEntry src/ios-deploy.c
106 silly doParallel preinstall 1
107 silly preinstall ios-deploy /usr/local/lib/node_modules/.staging/ios-deploy-fbfd9f76b9a8909271fae167aab47715
108 info lifecycle ios-deploy@1.8.3~preinstall: ios-deploy@1.8.3
109 verbose lifecycle ios-deploy@1.8.3~preinstall: unsafe-perm in lifecycle true
110 verbose lifecycle ios-deploy@1.8.3~preinstall: PATH: /usr/local/lib/node_modules/npm/bin/node-gyp-bin:/usr/local/lib/node_modules/.staging/ios-deploy-fbfd9f76b9a8909271fae167aab47715/node_modules/.bin:/usr/local/lib/node_modules/.bin:/usr/local/heroku/bin:/usr/local/bin:/usr/bin:/bin:/usr/sbin:/sbin:/usr/local/mysql/bin:/Users/cindymarin/Proyectos/gradle-1.10/bin:/Users/cindymarin/Documents/SCRIPTS:/usr/local/apache-maven-3.2.1/bin
111 verbose lifecycle ios-deploy@1.8.3~preinstall: CWD: /usr/local/lib/node_modules/.staging/ios-deploy-fbfd9f76b9a8909271fae167aab47715
112 silly lifecycle ios-deploy@1.8.3~preinstall: Args: [ '-c', './src/check_reqs.js && xcodebuild' ]
113 silly lifecycle ios-deploy@1.8.3~preinstall: Returned: code: 1  signal: null
114 info lifecycle ios-deploy@1.8.3~preinstall: Failed to exec preinstall script
115 verbose unlock done using /Users/cindymarin/.npm/_locks/staging-3a08f0df5026584d.lock for /usr/local/lib/node_modules/.staging
116 silly rollbackFailedOptional Starting
117 silly rollbackFailedOptional Finishing
118 silly runTopLevelLifecycles Starting
119 silly runTopLevelLifecycles Finishing
120 silly install printInstalled
121 verbose stack Error: ios-deploy@1.8.3 preinstall: `./src/check_reqs.js && xcodebuild`
121 verbose stack Exit status 1
121 verbose stack     at EventEmitter.<anonymous> (/usr/local/lib/node_modules/npm/lib/utils/lifecycle.js:233:16)
121 verbose stack     at emitTwo (events.js:87:13)
121 verbose stack     at EventEmitter.emit (events.js:172:7)
121 verbose stack     at ChildProcess.<anonymous> (/usr/local/lib/node_modules/npm/lib/utils/spawn.js:24:14)
121 verbose stack     at emitTwo (events.js:87:13)
121 verbose stack     at ChildProcess.emit (events.js:172:7)
121 verbose stack     at maybeClose (internal/child_process.js:818:16)
121 verbose stack     at Process.ChildProcess._handle.onexit (internal/child_process.js:211:5)
122 verbose pkgid ios-deploy@1.8.3
123 verbose cwd /Users/cindymarin/Proyectos/Bamboo/ebookme/src/main/ionic
124 error Darwin 14.1.0
125 error argv "/usr/local/bin/node" "/usr/local/bin/npm" "install" "-g" "ios-deploy" "--unsafe-perm=true"
126 error node v5.0.0
127 error npm  v3.3.6
128 error code ELIFECYCLE
129 error ios-deploy@1.8.3 preinstall: `./src/check_reqs.js && xcodebuild`
129 error Exit status 1
130 error Failed at the ios-deploy@1.8.3 preinstall script './src/check_reqs.js && xcodebuild'.
130 error This is most likely a problem with the ios-deploy package,
130 error not with npm itself.
130 error Tell the author that this fails on your system:
130 error     ./src/check_reqs.js && xcodebuild
130 error You can get their info via:
130 error     npm owner ls ios-deploy
130 error There is likely additional logging output above.
131 verbose exit [ 1, true ]
